Valid training points: 1467

================================================================================
STRATEGY 1: Differential Evolution with P[2] < 0
================================================================================
  MSE: 2.041761e+01 (CONFIG1: 1.476917e+02)
  P[2]: -0.00000100 (CONFIG1: -0.00794377)
  Time: 131.9s
  Awake FR: 1.5427 Hz
  Prop FR: 0.0452 Hz (ratio: 0.0293)
  DOI FR: 2.4856 Hz (ratio: 1.6112)
  DOI-Awake: +0.942943 Hz

================================================================================
STRATEGY 2: Scan P[2] from -0.001 to -0.05
================================================================================

    P[2]          MSE   Prop/Awake    DOI/Awake    DOI-Awake
------------------------------------------------------------
  -0.001 2.042235e+01       0.0277       1.6225    +0.922404
  -0.003 2.043501e+01       0.0248       1.6455    +0.881468
  -0.005 2.045184e+01       0.0221       1.6695    +0.840884
  -0.008 2.048467e+01       0.0185       1.7070    +0.780934
  -0.010 2.051148e+01       0.0163       1.7332    +0.741749
  -0.012 2.054212e+01       0.0144       1.7603    +0.703309
  -0.015 2.525577e+01       0.0475       1.4992    +1.508001
  -0.020 2.070119e+01       0.0085       1.8789    +0.558700
  -0.025 2.082856e+01       0.0060       1.9620    +0.477084
  -0.030 2.471128e+01       0.0180       1.6962    +1.059778
  -0.040 2.132632e+01       0.0019       2.2604    +0.278424
  -0.050 2.228819e+01       0.0014       2.3446    +0.267897

================================================================================
STRATEGY 3: All coefficient signs constrained to match CONFIG1
================================================================================
  MSE: 3.399986e+01 (CONFIG1: 1.476917e+02)
  Time: 135.4s
  Converged: False
  Awake FR: 2.1692 Hz
  Prop FR: 0.1309 Hz (ratio: 0.0603)
  DOI FR: 3.2477 Hz (ratio: 1.4972)
  DOI-Awake: +1.078525 Hz

================================================================================
STRATEGY 4: Basin-hopping from CONFIG1, P[2] < 0 constraint
================================================================================
  MSE: 2.120788e+01 (CONFIG1: 1.476917e+02)
  P[2]: -0.01499234
  Time: 17.4s
  Awake FR: 1.2252 Hz
  Prop FR: 0.0199 Hz (ratio: 0.0162)
  DOI FR: 2.1122 Hz (ratio: 1.7240)
  DOI-Awake: +0.887026 Hz

================================================================================
COMPREHENSIVE COMPARISON
================================================================================

Name                            MSE       P[2]   Prop/Awake    DOI/Awake    DOI-Awake
----------------------------------------------------------------------------------
CONFIG1                1.476917e+02  -0.007944       0.0889       1.4391    +1.003207
Global (uncnstr)       2.040955e+01   0.003811       0.0360       1.5703    +1.021517
DE (P[2]<0)            2.041761e+01  -0.000001       0.0293       1.6112    +0.942943
Signed                 3.399986e+01  -0.013833       0.0603       1.4972    +1.078525
BH (P[2]<0)            2.120788e+01  -0.014992       0.0162       1.7240    +0.887026
Scan P2=-0.001         2.042235e+01  -0.001000       0.0277       1.6225    +0.922404

================================================================================
COEFFICIENT TABLE — Top candidates (P[2] negative)
================================================================================

Label                       CONFIG1    DE (P[2]<0)         Signed    BH (P[2]<0) Scan P2=-0.001
-----------------------------------------------------------------------------------------------
P0 (const)              -0.05017034    -0.04873680    -0.05000000    -0.04870238    -0.04870354
P1 (muV)                 0.00451531     0.00131771     0.00440974     0.00223867     0.00136772
P2 (sigV)               -0.00794377    -0.00000100    -0.01383269    -0.01499234    -0.00100000
P3 (tauV)               -0.00208418    -0.00011728    -0.00000001     0.00502270     0.00047821
P4 (muV^2)              -0.00054697     0.00092830    -0.00000001     0.00065347     0.00091095
P5 (sigV^2)              0.00341614     0.01038528     0.00000001     0.01250416     0.01004904
P6 (tauV^2)             -0.01156433    -0.00932230    -0.04896739    -0.03783639    -0.01129805
P7 (muV*sigV)            0.00194753    -0.00218460     0.00000001     0.00066465    -0.00197425
P8 (muV*tauV)            0.00274079    -0.00048752     0.00000001    -0.00289020    -0.00072667
P9 (sigV*tauV)          -0.01066769    -0.01719118    -0.05000000    -0.05296499    -0.01847103

Best constrained polynomial (DE (P[2]<0)): MSE=2.041761e+01
  Improvement over CONFIG1: 86.18%
  Saved to: /Users/soichi/Desktop/Research/Psychedelics & Anesthesia Modeling Study/code/analysis/P_E_constrained_best.npy
  Coefficients: [-0.04873680, 0.00131771, -0.00000100, -0.00011728, 0.00092830, 0.01038528, -0.00932230, -0.00218460, -0.00048752, -0.01719118]

================================================================================
DONE
================================================================================
